<?xml version="1.0" encoding="UTF-8"?>
<!-- Generated by org.testng.reporters.JUnitReportReporter -->
<testsuite hostname="Trivendras-MBP" failures="0" tests="2" name="com.herokuapp.theinternet.NegativeTests" time="16.722" errors="0" timestamp="2022-10-24T01:28:52 EDT" skipped="0">
  <testcase classname="com.herokuapp.theinternet.NegativeTests" name="incorrectUserNameTest" time="8.366"/>
  <system-out/>
  <testcase classname="com.herokuapp.theinternet.NegativeTests" name="incorrectPasswordTest" time="8.356"/>
  <system-out/>
</testsuite> <!-- com.herokuapp.theinternet.NegativeTests -->
